<?xml version="1.0" encoding="UTF-8"?>
<!-- Generated by org.testng.reporters.JUnitXMLReporter -->
<testsuite hostname="W57" ignored="1" name="Default test" tests="2" failures="0" timestamp="14 Jun 2018 18:29:11 GMT" time="0.047" errors="0">
  <testcase name="z" time="0.0" classname="ng_package.TestClass_1"/>
  <testcase name="a" time="0.0" classname="ng_package.TestClass_1"/>
  <testcase name="f" time="0.0" classname="ng_package.TestClass_1">
    <ignored/>
  </testcase> <!-- f -->
</testsuite> <!-- Default test -->
