<?xml version="1.0" encoding="UTF-8"?>
<testng-results skipped="0" failed="0" ignored="0" total="1" passed="1">
  <reporter-output>
  </reporter-output>
  <suite name="Default suite" duration-ms="1129" started-at="2018-07-18T02:19:33Z" finished-at="2018-07-18T02:19:34Z">
    <groups>
    </groups>
    <test name="Default test" duration-ms="1129" started-at="2018-07-18T02:19:33Z" finished-at="2018-07-18T02:19:34Z">
      <class name="mavenPack.mavenProject.ExcelWriteDataByValue">
        <test-method status="PASS" signature="f()[pri:0, instance:mavenPack.mavenProject.ExcelWriteDataByValue@13c27452]" name="f" duration-ms="1067" started-at="2018-07-18T02:19:33Z" finished-at="2018-07-18T02:19:34Z">
          <reporter-output>
          </reporter-output>
        </test-method> <!-- f -->
      </class> <!-- mavenPack.mavenProject.ExcelWriteDataByValue -->
    </test> <!-- Default test -->
  </suite> <!-- Default suite -->
</testng-results>
