<?xml version="1.0" encoding="UTF-8"?>
<testng-results skipped="0" failed="0" ignored="1" total="3" passed="2">
  <reporter-output>
  </reporter-output>
  <suite name="Default suite" duration-ms="47" started-at="2018-06-14T18:29:11Z" finished-at="2018-06-14T18:29:11Z">
    <groups>
      <group name="regression">
        <method signature="TestClass_1.a()[pri:1, instance:ng_package.TestClass_1@d2cc05a]" name="a" class="ng_package.TestClass_1"/>
        <method signature="TestClass_1.z()[pri:0, instance:ng_package.TestClass_1@d2cc05a]" name="z" class="ng_package.TestClass_1"/>
      </group> <!-- regression -->
    </groups>
    <test name="Default test" duration-ms="47" started-at="2018-06-14T18:29:11Z" finished-at="2018-06-14T18:29:11Z">
      <class name="ng_package.TestClass_1">
        <test-method status="PASS" signature="beforeSuite()[pri:0, instance:ng_package.TestClass_1@d2cc05a]" name="beforeSuite" is-config="true" duration-ms="16" started-at="2018-06-14T18:29:11Z" finished-at="2018-06-14T18:29:11Z">
          <reporter-output>
          </reporter-output>
        </test-method> <!-- beforeSuite -->
        <test-method status="PASS" signature="beforeClass()[pri:0, instance:ng_package.TestClass_1@d2cc05a]" name="beforeClass" is-config="true" duration-ms="0" started-at="2018-06-14T18:29:11Z" finished-at="2018-06-14T18:29:11Z">
          <reporter-output>
          </reporter-output>
        </test-method> <!-- beforeClass -->
        <test-method status="PASS" signature="beforeTest()[pri:0, instance:ng_package.TestClass_1@d2cc05a]" name="beforeTest" is-config="true" duration-ms="0" started-at="2018-06-14T18:29:11Z" finished-at="2018-06-14T18:29:11Z">
          <reporter-output>
          </reporter-output>
        </test-method> <!-- beforeTest -->
        <test-method status="PASS" signature="z()[pri:0, instance:ng_package.TestClass_1@d2cc05a]" name="z" duration-ms="0" started-at="2018-06-14T18:29:11Z" finished-at="2018-06-14T18:29:11Z">
          <reporter-output>
          </reporter-output>
        </test-method> <!-- z -->
        <test-method status="PASS" signature="beforeMethod()[pri:0, instance:ng_package.TestClass_1@d2cc05a]" name="beforeMethod" is-config="true" duration-ms="0" started-at="2018-06-14T18:29:11Z" finished-at="2018-06-14T18:29:11Z">
          <reporter-output>
          </reporter-output>
        </test-method> <!-- beforeMethod -->
        <test-method status="PASS" signature="afterMethod()[pri:0, instance:ng_package.TestClass_1@d2cc05a]" name="afterMethod" is-config="true" duration-ms="0" started-at="2018-06-14T18:29:11Z" finished-at="2018-06-14T18:29:11Z">
          <reporter-output>
          </reporter-output>
        </test-method> <!-- afterMethod -->
        <test-method status="PASS" signature="afterMethod()[pri:0, instance:ng_package.TestClass_1@d2cc05a]" name="afterMethod" is-config="true" duration-ms="0" started-at="2018-06-14T18:29:11Z" finished-at="2018-06-14T18:29:11Z">
          <reporter-output>
          </reporter-output>
        </test-method> <!-- afterMethod -->
        <test-method status="PASS" signature="afterClass()[pri:0, instance:ng_package.TestClass_1@d2cc05a]" name="afterClass" is-config="true" duration-ms="0" started-at="2018-06-14T18:29:11Z" finished-at="2018-06-14T18:29:11Z">
          <reporter-output>
          </reporter-output>
        </test-method> <!-- afterClass -->
        <test-method status="PASS" signature="beforeMethod()[pri:0, instance:ng_package.TestClass_1@d2cc05a]" name="beforeMethod" is-config="true" duration-ms="0" started-at="2018-06-14T18:29:11Z" finished-at="2018-06-14T18:29:11Z">
          <reporter-output>
          </reporter-output>
        </test-method> <!-- beforeMethod -->
        <test-method status="PASS" signature="afterTest()[pri:0, instance:ng_package.TestClass_1@d2cc05a]" name="afterTest" is-config="true" duration-ms="0" started-at="2018-06-14T18:29:11Z" finished-at="2018-06-14T18:29:11Z">
          <reporter-output>
          </reporter-output>
        </test-method> <!-- afterTest -->
        <test-method status="PASS" signature="a()[pri:1, instance:ng_package.TestClass_1@d2cc05a]" name="a" duration-ms="0" started-at="2018-06-14T18:29:11Z" finished-at="2018-06-14T18:29:11Z">
          <reporter-output>
          </reporter-output>
        </test-method> <!-- a -->
        <test-method status="PASS" signature="afterSuite()[pri:0, instance:ng_package.TestClass_1@d2cc05a]" name="afterSuite" is-config="true" duration-ms="0" started-at="2018-06-14T18:29:11Z" finished-at="2018-06-14T18:29:11Z">
          <reporter-output>
          </reporter-output>
        </test-method> <!-- afterSuite -->
      </class> <!-- ng_package.TestClass_1 -->
    </test> <!-- Default test -->
  </suite> <!-- Default suite -->
</testng-results>
